1725405386796	geckodriver	INFO	Listening on 127.0.0.1:51301
1725405389873	mozrunner::runner	INFO	Running command: "C:\\Program Files\\Mozilla Firefox\\firefox.exe" "--marionette" "--remote-debugging-port" "51302" "--remote-allow-hosts" "localhost" "-no-remote" "-profile" "C:\\Users\\YASHSH~1.MIT\\AppData\\Local\\Temp\\rust_mozprofile21eV1I"
console.error: JsonSchemaValidator: 
  Ignoring parameter "localhost" - not a valid origin.
console.warn: services.settings: Ignoring preference override of remote settings server
console.warn: services.settings: Allow by setting MOZ_REMOTE_SETTINGS_DEVTOOLS=1 in the environment
Dynamically enable window occlusion 0
1725405393322	Marionette	INFO	Marionette enabled
1725405394467	Marionette	INFO	Listening on port 51328
WebDriver BiDi listening on ws://127.0.0.1:51302
Read port: 51328
1725405394850	RemoteAgent	WARN	TLS certificate errors will be ignored for this session
DevTools listening on ws://127.0.0.1:51302/devtools/browser/58dd6b9a-fd1b-4463-8280-abf13da5c280
1725405408661	Marionette	INFO	Stopped listening on port 51328
JavaScript warning: https://stc.aeplcdn.com/staticminv2/js/defaultvendors-f2dd167ae67f36b042ef659d73311952-49ceb22a.92f059e823.en.js, line 2: Script terminated by timeout at:
PROBE_UNKNOWN_ACTION@https://stc.aeplcdn.com/staticminv2/js/defaultvendors-f2dd167ae67f36b042ef659d73311952-49ceb22a.92f059e823.en.js:2:58141
6680/combineReducers/<@https://stc.aeplcdn.com/staticminv2/js/defaultvendors-f2dd167ae67f36b042ef659d73311952-49ceb22a.92f059e823.en.js:2:55113
assertReducerShape@https://stc.aeplcdn.com/staticminv2/js/defaultvendors-f2dd167ae67f36b042ef659d73311952-49ceb22a.92f059e823.en.js:2:54713
combineReducers@https://stc.aeplcdn.com/staticminv2/js/defaultvendors-f2dd167ae67f36b042ef659d73311952-49ceb22a.92f059e823.en.js:2:55558
createRootReducer@https://stc.aeplcdn.com/staticminv2/js/default-f2dd167ae67f36b042ef659d73311952-b1467619.a4d930c016.en.js:1:44647
replaceReducers@https://stc.aeplcdn.com/staticminv2/js/default-f2dd167ae67f36b042ef659d73311952-b1467619.a4d930c016.en.js:1:44903
registerReducers@https://stc.aeplcdn.com/staticminv2/js/default-f2dd167ae67f36b042ef659d73311952-b1467619.a4d930c016.en.js:1:44299
@https://stc.aeplcdn.com/staticminv2/js/default-f2dd167ae67f36b042ef659d73311952-b1467619.a4d930c016.en.js:1:45049
hg@https://stc.aeplcdn.com/staticminv2/js/react.644e035293.en.js:2:44901
Lh@https://stc.aeplcdn.com/staticminv2/js/react.644e035293.en.js:2:58265
Xl@https://stc.aeplcdn.com/staticminv2/js/react.644e035293.en.js:2:123549
jj@https://stc.aeplcdn.com/staticminv2/js/react.644e035293.en.js:2:77016
Z@https://stc.aeplcdn.com/staticminv2/js/react.644e035293.en.js:2:74051
$i@https://stc.aeplcdn.com/staticminv2/js/react.644e035293.en.js:2:72628
83975/yf/<@https://stc.aeplcdn.com/staticminv2/js/react.644e035293.en.js:2:40199
39666/n.unstable_runWithPriority@https://stc.aeplcdn.com/staticminv2/js/defaultvendors-f2dd167ae67f36b042ef659d73311952-27545368.d9f50e56ad.en.js:2:10930
vf@https://stc.aeplcdn.com/staticminv2/js/react.644e035293.en.js:2:39928
yf@https://stc.aeplcdn.com/staticminv2/js/react.644e035293.en.js:2:40146
O@https://stc.aeplcdn.com/staticminv2/js/react.644e035293.en.js:2:40079
eg@https://stc.aeplcdn.com/staticminv2/js/react.644e035293.en.js:2:71622
enqueueSetState@https://stc.aeplcdn.com/staticminv2/js/react.644e035293.en.js:2:116474
18447/D.prototype.setState@https://stc.aeplcdn.com/staticminv2/js/react.644e035293.en.js:2:135114
safeSetState@https://stc.aeplcdn.com/staticminv2/js/defaultvendors-f2dd167ae67f36b042ef659d73311952-efdee510.7ada9eef4f.en.js:2:3321
34439/createLoadable/loadable/loadAsync/h<@https://stc.aeplcdn.com/staticminv2/js/defaultvendors-f2dd167ae67f36b042ef659d73311952-efdee510.7ada9eef4f.en.js:2:3960

Dynamically enable window occlusion 1
