1725402473038	geckodriver	INFO	Listening on 127.0.0.1:53029
1725402476152	mozrunner::runner	INFO	Running command: "C:\\Program Files\\Mozilla Firefox\\firefox.exe" "--marionette" "--remote-debugging-port" "53030" "--remote-allow-hosts" "localhost" "-no-remote" "-profile" "C:\\Users\\YASHSH~1.MIT\\AppData\\Local\\Temp\\rust_mozprofileNHOS9P"
console.error: JsonSchemaValidator: 
  Ignoring parameter "localhost" - not a valid origin.
console.warn: services.settings: Ignoring preference override of remote settings server
console.warn: services.settings: Allow by setting MOZ_REMOTE_SETTINGS_DEVTOOLS=1 in the environment
Dynamically enable window occlusion 0
1725402479734	Marionette	INFO	Marionette enabled
1725402480910	Marionette	INFO	Listening on port 53059
WebDriver BiDi listening on ws://127.0.0.1:53030
Read port: 53059
1725402481264	RemoteAgent	WARN	TLS certificate errors will be ignored for this session
DevTools listening on ws://127.0.0.1:53030/devtools/browser/119515c0-8ac5-43ba-968e-e153cf93bde8
1725402511282	addons.xpi	ERROR	System addon update list error SyntaxError: XMLHttpRequest.open: 'http://%(server)s/dummy-system-addons.xml' is not a valid URL.
1725402513473	Marionette	INFO	Stopped listening on port 53059
JavaScript warning: https://www.googletagmanager.com/gtm.js?id=GTM-W2Z3ZM, line 513: Script terminated by timeout at:
rx/<@https://www.googletagmanager.com/gtm.js?id=GTM-W2Z3ZM:513:280
yf@https://www.googletagmanager.com/gtm.js?id=GTM-W2Z3ZM:183:329
wf@https://www.googletagmanager.com/gtm.js?id=GTM-W2Z3ZM:183:81
vf@https://www.googletagmanager.com/gtm.js?id=GTM-W2Z3ZM:182:34
Gf/<@https://www.googletagmanager.com/gtm.js?id=GTM-W2Z3ZM:188:282
Hf@https://www.googletagmanager.com/gtm.js?id=GTM-W2Z3ZM:188:67
Ff@https://www.googletagmanager.com/gtm.js?id=GTM-W2Z3ZM:187:1426
vx@https://www.googletagmanager.com/gtm.js?id=GTM-W2Z3ZM:512:136
sy@https://www.googletagmanager.com/gtm.js?id=GTM-W2Z3ZM:530:272
vy@https://www.googletagmanager.com/gtm.js?id=GTM-W2Z3ZM:534:9
zy/b.push@https://www.googletagmanager.com/gtm.js?id=GTM-W2Z3ZM:538:320
zy/b.push@https://www.googletagmanager.com/gtag/js?id=G-Z81QVQY510&l=dataLayer&cx=c:591:170
zy/b.push@https://www.googletagmanager.com/gtag/js?id=AW-999894061:541:170
pushToDataLayer@https://stc.aeplcdn.com/staticminv2/js/default-f2dd167ae67f36b042ef659d73311952-b1467619.a4d930c016.en.js:1:14009
73216/e<@https://stc.aeplcdn.com/staticminv2/js/default-f2dd167ae67f36b042ef659d73311952-b1467619.a4d930c016.en.js:1:13808
asyncGeneratorStep@https://stc.aeplcdn.com/staticminv2/js/defaultvendors-f2dd167ae67f36b042ef659d73311952-49d0a293.93f631c8e4.en.js:1:206
_next@https://stc.aeplcdn.com/staticminv2/js/defaultvendors-f2dd167ae67f36b042ef659d73311952-49d0a293.93f631c8e4.en.js:1:438

Dynamically enable window occlusion 1
console.error: services.settings: 
  Message: NetworkError: Network error: TypeError: NetworkError: Network request failed
  Stack:
    APIError@resource://services-settings/RemoteSettingsClient.sys.mjs:107:1
NetworkError@resource://services-settings/RemoteSettingsClient.sys.mjs:111:5
_adjustedError@resource://services-settings/RemoteSettingsClient.sys.mjs:911:14
maybeSync@resource://services-settings/RemoteSettingsClient.sys.mjs:816:38

console.warn: services.settings: main/password-rules sync interrupted by shutdown
console.warn: services.settings: main/addons-manager-settings sync interrupted by shutdown
console.warn: services.settings: main/query-stripping sync interrupted by shutdown
console.warn: services.settings: main/partitioning-exempt-urls sync interrupted by shutdown
console.warn: services.settings: main/translations-wasm sync interrupted by shutdown
console.warn: services.settings: main/search-config-overrides sync interrupted by shutdown
console.warn: services.settings: main/search-config-overrides-v2 sync interrupted by shutdown
console.warn: services.settings: main/search-config sync interrupted by shutdown
console.warn: services.settings: main/fingerprinting-protection-overrides sync interrupted by shutdown
console.warn: services.settings: main/cookie-banner-rules-list sync interrupted by shutdown
console.warn: services.settings: main/search-default-override-allowlist sync interrupted by shutdown
console.warn: services.settings: main/search-config-v2 sync interrupted by shutdown
console.warn: services.settings: main/search-telemetry-v2 sync interrupted by shutdown
console.error: (new NetworkError("Network error: TypeError: NetworkError: Network request failed", "resource://services-settings/RemoteSettingsClient.sys.mjs", 107))
