
Thu Feb 15 2024 22:04:58:695 GMT-0500 (Eastern Standard Time) -- [SUCCESS] You can now access your local server(s) in our remote browser

Thu Feb 15 2024 22:04:59:486 GMT-0500 (Eastern Standard Time) -- Press Ctrl-C to exit


Thu Feb 15 2024 22:04:59:786 GMT-0500 (Eastern Standard Time) -- Starting configuration console on http://localhost:45454

Thu Feb 15 2024 22:06:01:198 GMT-0500 (Eastern Standard Time) -- Starting configuration console on http://localhost:45454
Thu Feb 15 2024 22:06:02:59 GMT-0500 (Eastern Standard Time) -- [SUCCESS] You can now access your local server(s) in our remote browser

Thu Feb 15 2024 22:06:02:601 GMT-0500 (Eastern Standard Time) -- Press Ctrl-C to exit



Thu Feb 15 2024 22:09:08:434 GMT-0500 (Eastern Standard Time) -- Starting configuration console on http://localhost:45454
Thu Feb 15 2024 22:09:09:291 GMT-0500 (Eastern Standard Time) -- [SUCCESS] You can now access your local server(s) in our remote browser

Thu Feb 15 2024 22:09:09:796 GMT-0500 (Eastern Standard Time) -- Press Ctrl-C to exit



Thu Feb 15 2024 22:12:31:183 GMT-0500 (Eastern Standard Time) -- [SUCCESS] You can now access your local server(s) in our remote browser

Thu Feb 15 2024 22:12:31:945 GMT-0500 (Eastern Standard Time) -- Press Ctrl-C to exit


Thu Feb 15 2024 22:12:32:371 GMT-0500 (Eastern Standard Time) -- Starting configuration console on http://localhost:45454

Thu Feb 15 2024 22:48:06:570 GMT-0500 (Eastern Standard Time) -- Starting configuration console on http://localhost:45454
Thu Feb 15 2024 22:48:08:194 GMT-0500 (Eastern Standard Time) -- [SUCCESS] You can now access your local server(s) in our remote browser

Thu Feb 15 2024 22:48:08:937 GMT-0500 (Eastern Standard Time) -- Press Ctrl-C to exit



Tue Aug 27 2024 16:41:33:292 GMT-0400 (Eastern Daylight Time) -- [SUCCESS] You can now access your local server(s) in our remote browser

Tue Aug 27 2024 16:41:34:223 GMT-0400 (Eastern Daylight Time) -- Press Ctrl-C to exit


Tue Aug 27 2024 16:41:34:374 GMT-0400 (Eastern Daylight Time) -- Starting configuration console on http://localhost:45454

Tue Aug 27 2024 16:42:51:110 GMT-0400 (Eastern Daylight Time) -- [SUCCESS] You can now access your local server(s) in our remote browser

Tue Aug 27 2024 16:42:51:719 GMT-0400 (Eastern Daylight Time) -- Press Ctrl-C to exit


Tue Aug 27 2024 16:42:52:194 GMT-0400 (Eastern Daylight Time) -- Starting configuration console on http://localhost:45454

Tue Aug 27 2024 16:50:27:627 GMT-0400 (Eastern Daylight Time) -- [SUCCESS] You can now access your local server(s) in our remote browser

Tue Aug 27 2024 16:50:28:205 GMT-0400 (Eastern Daylight Time) -- Press Ctrl-C to exit


Tue Aug 27 2024 16:50:28:588 GMT-0400 (Eastern Daylight Time) -- Starting configuration console on http://localhost:45454

Tue Aug 27 2024 16:51:59:983 GMT-0400 (Eastern Daylight Time) -- [SUCCESS] You can now access your local server(s) in our remote browser

Tue Aug 27 2024 16:52:00:652 GMT-0400 (Eastern Daylight Time) -- Press Ctrl-C to exit


Tue Aug 27 2024 16:52:00:995 GMT-0400 (Eastern Daylight Time) -- Starting configuration console on http://localhost:45454

Mon Sep 02 2024 00:10:06:536 GMT-0400 (Eastern Daylight Time) -- [SUCCESS] You can now access your local server(s) in our remote browser

Mon Sep 02 2024 00:10:07:174 GMT-0400 (Eastern Daylight Time) -- Press Ctrl-C to exit


Mon Sep 02 2024 00:10:07:537 GMT-0400 (Eastern Daylight Time) -- Starting configuration console on http://localhost:45454

Mon Sep 02 2024 00:11:33:68 GMT-0400 (Eastern Daylight Time) -- [SUCCESS] You can now access your local server(s) in our remote browser

Mon Sep 02 2024 00:11:33:710 GMT-0400 (Eastern Daylight Time) -- Press Ctrl-C to exit


Mon Sep 02 2024 00:11:33:819 GMT-0400 (Eastern Daylight Time) -- Starting configuration console on http://localhost:45454

Mon Sep 02 2024 00:12:29:412 GMT-0400 (Eastern Daylight Time) -- [SUCCESS] You can now access your local server(s) in our remote browser

Mon Sep 02 2024 00:12:29:975 GMT-0400 (Eastern Daylight Time) -- Press Ctrl-C to exit


Mon Sep 02 2024 00:12:30:504 GMT-0400 (Eastern Daylight Time) -- Starting configuration console on http://localhost:45454

Mon Sep 02 2024 00:21:12:845 GMT-0400 (Eastern Daylight Time) -- [SUCCESS] You can now access your local server(s) in our remote browser

Mon Sep 02 2024 00:21:13:393 GMT-0400 (Eastern Daylight Time) -- Press Ctrl-C to exit


Mon Sep 02 2024 00:21:13:761 GMT-0400 (Eastern Daylight Time) -- Starting configuration console on http://localhost:45454

Mon Sep 02 2024 00:22:55:427 GMT-0400 (Eastern Daylight Time) -- [SUCCESS] You can now access your local server(s) in our remote browser

Mon Sep 02 2024 00:22:56:75 GMT-0400 (Eastern Daylight Time) -- Press Ctrl-C to exit


Mon Sep 02 2024 00:22:56:334 GMT-0400 (Eastern Daylight Time) -- Starting configuration console on http://localhost:45454
