1725405713474	geckodriver	INFO	Listening on 127.0.0.1:54851
1725405716567	mozrunner::runner	INFO	Running command: "C:\\Program Files\\Mozilla Firefox\\firefox.exe" "--marionette" "--remote-debugging-port" "54852" "--remote-allow-hosts" "localhost" "-no-remote" "-profile" "C:\\Users\\YASHSH~1.MIT\\AppData\\Local\\Temp\\rust_mozprofileLWwEYy"
console.error: JsonSchemaValidator: 
  Ignoring parameter "localhost" - not a valid origin.
console.warn: services.settings: Ignoring preference override of remote settings server
console.warn: services.settings: Allow by setting MOZ_REMOTE_SETTINGS_DEVTOOLS=1 in the environment
Dynamically enable window occlusion 0
1725405719864	Marionette	INFO	Marionette enabled
1725405721063	Marionette	INFO	Listening on port 54872
WebDriver BiDi listening on ws://127.0.0.1:54852
Read port: 54872
1725405721372	RemoteAgent	WARN	TLS certificate errors will be ignored for this session
DevTools listening on ws://127.0.0.1:54852/devtools/browser/48bbd26d-28ff-4fcd-a554-0950f20efe16
1725405736419	Marionette	INFO	Stopped listening on port 54872
JavaScript warning: https://www.googletagmanager.com/gtm.js?id=GTM-W2Z3ZM, line 512: Script terminated by timeout at:
rx/<@https://www.googletagmanager.com/gtm.js?id=GTM-W2Z3ZM:512:287
yf@https://www.googletagmanager.com/gtm.js?id=GTM-W2Z3ZM:183:329
wf@https://www.googletagmanager.com/gtm.js?id=GTM-W2Z3ZM:183:81
vf@https://www.googletagmanager.com/gtm.js?id=GTM-W2Z3ZM:182:34
Gf/<@https://www.googletagmanager.com/gtm.js?id=GTM-W2Z3ZM:188:282
Hf@https://www.googletagmanager.com/gtm.js?id=GTM-W2Z3ZM:188:67
Ff@https://www.googletagmanager.com/gtm.js?id=GTM-W2Z3ZM:187:1426
vx@https://www.googletagmanager.com/gtm.js?id=GTM-W2Z3ZM:511:136
sy@https://www.googletagmanager.com/gtm.js?id=GTM-W2Z3ZM:529:272
vy@https://www.googletagmanager.com/gtm.js?id=GTM-W2Z3ZM:533:9
zy/b.push@https://www.googletagmanager.com/gtm.js?id=GTM-W2Z3ZM:537:320
zy/b.push@https://www.googletagmanager.com/gtag/js?id=G-Z81QVQY510&l=dataLayer&cx=c:591:170
pushToDataLayer@https://stc.aeplcdn.com/staticminv2/js/default-f2dd167ae67f36b042ef659d73311952-b1467619.a4d930c016.en.js:1:14009
73216/e<@https://stc.aeplcdn.com/staticminv2/js/default-f2dd167ae67f36b042ef659d73311952-b1467619.a4d930c016.en.js:1:13808
asyncGeneratorStep@https://stc.aeplcdn.com/staticminv2/js/defaultvendors-f2dd167ae67f36b042ef659d73311952-49d0a293.93f631c8e4.en.js:1:206
_next@https://stc.aeplcdn.com/staticminv2/js/defaultvendors-f2dd167ae67f36b042ef659d73311952-49d0a293.93f631c8e4.en.js:1:438

Dynamically enable window occlusion 1
