1702996380658	geckodriver	INFO	Listening on 127.0.0.1:57989
1702996383807	mozrunner::runner	INFO	Running command: "C:\\Program Files\\Mozilla Firefox\\firefox.exe" "--marionette" "--remote-debugging-port" "57990" "--remote-allow-hosts" "localhost" "-no-remote" "-profile" "C:\\Users\\YASHSH~1.MIT\\AppData\\Local\\Temp\\rust_mozprofileACiiXY"
console.error: GPOParser.jsm: 
  Unable to parse JSON for Preferences
console.error: JsonSchemaValidator.jsm: 
  Ignoring parameter "localhost" - not a valid origin.
console.warn: services.settings: Ignoring preference override of remote settings server
console.warn: services.settings: Allow by setting MOZ_REMOTE_SETTINGS_DEVTOOLS=1 in the environment
1702996385848	Marionette	INFO	Marionette enabled
Dynamically enable window occlusion 0
1702996386331	Marionette	INFO	Listening on port 58008
WebDriver BiDi listening on ws://127.0.0.1:57990
Read port: 58008
1702996386612	RemoteAgent	WARN	TLS certificate errors will be ignored for this session
DevTools listening on ws://127.0.0.1:57990/devtools/browser/ada57cb0-0ffa-446f-b7ca-5128ac01a843
1702996416478	addons.xpi	ERROR	System addon update list error SyntaxError: XMLHttpRequest.open: 'http://%(server)s/dummy-system-addons.xml' is not a valid URL.
console.error: services.settings: 
  main/search-config-v2 Signature failed  InvalidSignatureError: Invalid content signature (main/search-config-v2) using 'remote-settings.content-signature.mozilla.org-2024-01-19-16-42-21.chain'
console.error: services.settings: 
  main/search-config-v2 local data was corrupted
console.warn: services.settings: main/search-config-v2 Signature verified failed. Retry from scratch
1702996427888	Marionette	INFO	Stopped listening on port 58008
Dynamically enable window occlusion 1
!!! error running onStopped callback: TypeError: callback is not a function
