1703045453570	geckodriver	INFO	Listening on 127.0.0.1:59173
1703045456643	mozrunner::runner	INFO	Running command: "C:\\Program Files\\Mozilla Firefox\\firefox.exe" "--marionette" "--remote-debugging-port" "59174" "--remote-allow-hosts" "localhost" "-no-remote" "-profile" "C:\\Users\\YASHSH~1.MIT\\AppData\\Local\\Temp\\rust_mozprofileN7jqad"
console.error: GPOParser.jsm: 
  Unable to parse JSON for Preferences
console.error: JsonSchemaValidator.jsm: 
  Ignoring parameter "localhost" - not a valid origin.
console.warn: services.settings: Ignoring preference override of remote settings server
console.warn: services.settings: Allow by setting MOZ_REMOTE_SETTINGS_DEVTOOLS=1 in the environment
1703045458617	Marionette	INFO	Marionette enabled
Dynamically enable window occlusion 0
1703045459210	Marionette	INFO	Listening on port 59194
WebDriver BiDi listening on ws://127.0.0.1:59174
Read port: 59194
1703045459382	RemoteAgent	WARN	TLS certificate errors will be ignored for this session
DevTools listening on ws://127.0.0.1:59174/devtools/browser/89c80de2-d6c6-4449-829f-9ca0352a85d7
1703045466638	Marionette	INFO	Stopped listening on port 59194
JavaScript warning: https://stc.aeplcdn.com/staticminv2/js/default-d0e12993c90bb90585354dd536a16e87.4f67aa1e47.en.js, line 1: Script terminated by timeout at:
pK@https://stc.aeplcdn.com/staticminv2/js/default-d0e12993c90bb90585354dd536a16e87.4f67aa1e47.en.js:1:29469
67923/I</</componentDidMount/<@https://stc.aeplcdn.com/staticminv2/js/default-d0e12993c90bb90585354dd536a16e87.4f67aa1e47.en.js:1:38697

Dynamically enable window occlusion 1
