==============================================================================
testCases                                                                     
==============================================================================
testCases.FindNewCarsTest DataDriven                                          
==============================================================================
Find New Toyota Car Test                                              | FAIL |
Invalid IF condition: Evaluating expression 'Toyota == "Toyota"' failed: NameError: name 'Toyota' is not defined nor importable as module

Variables in the original expression '${brandname} == "Toyota"' were resolved before the expression was evaluated. Try using '$brandname == "Toyota"' syntax to avoid that. See Evaluating Expressions appendix in Robot Framework User Guide for more details.
------------------------------------------------------------------------------
Find New Kia Car Test                                                 | FAIL |
Invalid IF condition: Evaluating expression 'Kia == "Toyota"' failed: NameError: name 'Kia' is not defined nor importable as module

Variables in the original expression '${brandname} == "Toyota"' were resolved before the expression was evaluated. Try using '$brandname == "Toyota"' syntax to avoid that. See Evaluating Expressions appendix in Robot Framework User Guide for more details.
------------------------------------------------------------------------------
Find New BMW Car Test                                                 | FAIL |
Invalid IF condition: Evaluating expression 'BMW == "Toyota"' failed: NameError: name 'BMW' is not defined nor importable as module

Variables in the original expression '${brandname} == "Toyota"' were resolved before the expression was evaluated. Try using '$brandname == "Toyota"' syntax to avoid that. See Evaluating Expressions appendix in Robot Framework User Guide for more details.
------------------------------------------------------------------------------
testCases.FindNewCarsTest DataDriven                                  | FAIL |
3 tests, 0 passed, 3 failed
==============================================================================
testCases                                                             | FAIL |
3 tests, 0 passed, 3 failed
==============================================================================
Output:  C:\Users\yashshvi.a.mittal\RobotFramework\pythonProject1\Results\pabot_results\2\output.xml
