==============================================================================
testCases                                                                     
==============================================================================
testCases.getCarNameTest                                                      
==============================================================================
Get Cars Name Test Toyota                                             Toyota Urban Cruiser Hyryder
Toyota Innova Crysta
Toyota Innova Hycross
Toyota Fortuner
Toyota Rumion
Toyota Glanza
Toyota Land Cruiser
Toyota Fortuner Legender
Toyota Camry
Toyota Hilux
Toyota Vellfire
Toyota Innova Crysta G 8 STR
Toyota Urban Cruiser Taisor
Toyota BZ4X
Toyota Belta
| PASS |
------------------------------------------------------------------------------
Get Cars Name Test Kia                                                Kia Seltos
Kia Sonet
Kia Carens
Kia EV6
Kia Sonet Facelift
Kia KA4 (Carnival)
Kia EV9
Kia EV5
| PASS |
------------------------------------------------------------------------------
Get Cars Name Test BMW                                                BMW X1
BMW 7 Series
BMW 2 Series Gran Coupe
BMW X7
BMW 3 Series Gran Limousine
BMW Z4
BMW M340i
BMW M4 Competition
BMW 5 Series
BMW 6 Series GT
BMW X5
BMW XM
BMW M8
BMW X3
BMW M2
BMW X4 M40i
BMW i7
BMW i4
BMW iX1
BMW iX
BMW X5 M
BMW X3 M40i
BMW X8
| PASS |
------------------------------------------------------------------------------
testCases.getCarNameTest                                              | PASS |
3 tests, 3 passed, 0 failed
==============================================================================
testCases                                                             | PASS |
3 tests, 3 passed, 0 failed
==============================================================================
Output:  C:\Users\yashshvi.a.mittal\RobotFramework\pythonProject1\Results\pabot_results\0\output.xml
